Release 14.5 - xst P.58f (nt64)
Copyright (c) 1995-2012 Xilinx, Inc.  All rights reserved.
--> Parameter TMPDIR set to xst/projnav.tmp


Total REAL time to Xst completion: 0.00 secs
Total CPU time to Xst completion: 0.09 secs
 
--> Parameter xsthdpdir set to xst


Total REAL time to Xst completion: 0.00 secs
Total CPU time to Xst completion: 0.09 secs
 
--> Reading design: dist_calc.prj

TABLE OF CONTENTS
  1) Synthesis Options Summary
  2) HDL Parsing
  3) HDL Elaboration
  4) HDL Synthesis
       4.1) HDL Synthesis Report
  5) Advanced HDL Synthesis
       5.1) Advanced HDL Synthesis Report
  6) Low Level Synthesis
  7) Partition Report
  8) Design Summary
       8.1) Primitive and Black Box Usage
       8.2) Device utilization summary
       8.3) Partition Resource Summary
       8.4) Timing Report
            8.4.1) Clock Information
            8.4.2) Asynchronous Control Signals Information
            8.4.3) Timing Summary
            8.4.4) Timing Details
            8.4.5) Cross Clock Domains Report


=========================================================================
*                      Synthesis Options Summary                        *
=========================================================================
---- Source Parameters
Input File Name                    : "dist_calc.prj"
Ignore Synthesis Constraint File   : NO

---- Target Parameters
Output File Name                   : "dist_calc"
Output Format                      : NGC
Target Device                      : xc6slx16-2-csg324

---- Source Options
Top Module Name                    : dist_calc
Automatic FSM Extraction           : YES
FSM Encoding Algorithm             : Auto
Safe Implementation                : No
FSM Style                          : LUT
RAM Extraction                     : Yes
RAM Style                          : Auto
ROM Extraction                     : Yes
Shift Register Extraction          : YES
ROM Style                          : Auto
Resource Sharing                   : YES
Asynchronous To Synchronous        : NO
Shift Register Minimum Size        : 2
Use DSP Block                      : Auto
Automatic Register Balancing       : No

---- Target Options
LUT Combining                      : Auto
Reduce Control Sets                : Auto
Add IO Buffers                     : YES
Global Maximum Fanout              : 100000
Add Generic Clock Buffer(BUFG)     : 16
Register Duplication               : YES
Optimize Instantiated Primitives   : NO
Use Clock Enable                   : Auto
Use Synchronous Set                : Auto
Use Synchronous Reset              : Auto
Pack IO Registers into IOBs        : Auto
Equivalent register Removal        : YES

---- General Options
Optimization Goal                  : Speed
Optimization Effort                : 1
Power Reduction                    : NO
Keep Hierarchy                     : No
Netlist Hierarchy                  : As_Optimized
RTL Output                         : Yes
Global Optimization                : AllClockNets
Read Cores                         : YES
Write Timing Constraints           : NO
Cross Clock Analysis               : NO
Hierarchy Separator                : /
Bus Delimiter                      : <>
Case Specifier                     : Maintain
Slice Utilization Ratio            : 100
BRAM Utilization Ratio             : 100
DSP48 Utilization Ratio            : 100
Auto BRAM Packing                  : NO
Slice Utilization Ratio Delta      : 5

=========================================================================


=========================================================================
*                          HDL Parsing                                  *
=========================================================================
Analyzing Verilog file "C:\Users\Farzad Khan\Desktop\FPGA PROJECT\KNN_ALGORITHM\dist_calc.v" into library work
Parsing module <dist_calc>.

=========================================================================
*                            HDL Elaboration                            *
=========================================================================

Elaborating module <dist_calc>.

=========================================================================
*                           HDL Synthesis                               *
=========================================================================

Synthesizing Unit <dist_calc>.
    Related source file is "C:\Users\Farzad Khan\Desktop\FPGA PROJECT\KNN_ALGORITHM\dist_calc.v".
    Found 5-bit register for signal <dist>.
    Found 4-bit subtractor for signal <train_x[3]_data_x[3]_sub_3_OUT> created at line 23.
    Found 4-bit subtractor for signal <data_x[3]_train_x[3]_sub_4_OUT> created at line 25.
    Found 4-bit subtractor for signal <train_y[3]_data_y[3]_sub_7_OUT> created at line 27.
    Found 4-bit subtractor for signal <data_y[3]_train_y[3]_sub_8_OUT> created at line 29.
    Found 5-bit adder for signal <n0028> created at line 31.
    Found 4-bit comparator lessequal for signal <n0002> created at line 22
    Found 4-bit comparator lessequal for signal <n0007> created at line 26
    Summary:
	inferred   3 Adder/Subtractor(s).
	inferred   5 D-type flip-flop(s).
	inferred   2 Comparator(s).
	inferred   4 Multiplexer(s).
Unit <dist_calc> synthesized.

=========================================================================
HDL Synthesis Report

Macro Statistics
# Adders/Subtractors                                   : 3
 4-bit subtractor                                      : 2
 5-bit adder                                           : 1
# Registers                                            : 1
 5-bit register                                        : 1
# Comparators                                          : 2
 4-bit comparator lessequal                            : 2
# Multiplexers                                         : 4
 4-bit 2-to-1 multiplexer                              : 4

=========================================================================
INFO:Xst:1767 - HDL ADVISOR - Resource sharing has identified that some arithmetic operations in this design can share the same physical resources for reduced device utilization. For improved clock frequency you may try to disable resource sharing.

=========================================================================
*                       Advanced HDL Synthesis                          *
=========================================================================


=========================================================================
Advanced HDL Synthesis Report

Macro Statistics
# Adders/Subtractors                                   : 3
 4-bit subtractor                                      : 2
 5-bit adder                                           : 1
# Registers                                            : 5
 Flip-Flops                                            : 5
# Comparators                                          : 2
 4-bit comparator lessequal                            : 2
# Multiplexers                                         : 4
 4-bit 2-to-1 multiplexer                              : 4

=========================================================================

=========================================================================
*                         Low Level Synthesis                           *
=========================================================================

Optimizing unit <dist_calc> ...

Mapping all equations...
Building and optimizing final netlist ...
Found area constraint ratio of 100 (+ 5) on block dist_calc, actual ratio is 0.

Final Macro Processing ...

=========================================================================
Final Register Report

Macro Statistics
# Registers                                            : 5
 Flip-Flops                                            : 5

=========================================================================

=========================================================================
*                           Partition Report                            *
=========================================================================

Partition Implementation Status
-------------------------------

  No Partitions were found in this design.

-------------------------------

=========================================================================
*                            Design Summary                             *
=========================================================================

Top Level Output File Name         : dist_calc.ngc

Primitive and Black Box Usage:
------------------------------
# BELS                             : 28
#      LUT2                        : 3
#      LUT3                        : 4
#      LUT4                        : 1
#      LUT5                        : 5
#      LUT6                        : 15
# FlipFlops/Latches                : 5
#      FDR                         : 5
# Clock Buffers                    : 1
#      BUFGP                       : 1
# IO Buffers                       : 23
#      IBUF                        : 18
#      OBUF                        : 5

Device utilization summary:
---------------------------

Selected Device : 6slx16csg324-2 


Slice Logic Utilization: 
 Number of Slice LUTs:                   28  out of   9112     0%  
    Number used as Logic:                28  out of   9112     0%  

Slice Logic Distribution: 
 Number of LUT Flip Flop pairs used:     28
   Number with an unused Flip Flop:      28  out of     28   100%  
   Number with an unused LUT:             0  out of     28     0%  
   Number of fully used LUT-FF pairs:     0  out of     28     0%  
   Number of unique control sets:         1

IO Utilization: 
 Number of IOs:                          24
 Number of bonded IOBs:                  24  out of    232    10%  
    IOB Flip Flops/Latches:               5

Specific Feature Utilization:
 Number of BUFG/BUFGCTRL/BUFHCEs:         1  out of     16     6%  

---------------------------
Partition Resource Summary:
---------------------------

  No Partitions were found in this design.

---------------------------


=========================================================================
Timing Report

NOTE: THESE TIMING NUMBERS ARE ONLY A SYNTHESIS ESTIMATE.
      FOR ACCURATE TIMING INFORMATION PLEASE REFER TO THE TRACE REPORT
      GENERATED AFTER PLACE-and-ROUTE.

Clock Information:
------------------
-----------------------------------+------------------------+-------+
Clock Signal                       | Clock buffer(FF name)  | Load  |
-----------------------------------+------------------------+-------+
clk                                | BUFGP                  | 5     |
-----------------------------------+------------------------+-------+

Asynchronous Control Signals Information:
----------------------------------------
No asynchronous control signals found in this design

Timing Summary:
---------------
Speed Grade: -2

   Minimum period: No path found
   Minimum input arrival time before clock: 9.234ns
   Maximum output required time after clock: 4.118ns
   Maximum combinational path delay: No path found

Timing Details:
---------------
All values displayed in nanoseconds (ns)

=========================================================================
Timing constraint: Default OFFSET IN BEFORE for Clock 'clk'
  Total number of paths / destination ports: 610 / 10
-------------------------------------------------------------------------
Offset:              9.234ns (Levels of Logic = 7)
  Source:            data_x<2> (PAD)
  Destination:       dist_4 (FF)
  Destination Clock: clk rising

  Data Path: data_x<2> to dist_4
                                Gate     Net
    Cell:in->out      fanout   Delay   Delay  Logical Name (Net Name)
    ----------------------------------------  ------------
     IBUF:I->O             4   1.328   1.259  data_x_2_IBUF (data_x_2_IBUF)
     LUT6:I0->O            5   0.254   1.069  data_x[3]_train_x[3]_LessThan_2_o1 (data_x[3]_train_x[3]_LessThan_2_o1)
     LUT5:I2->O            5   0.235   0.841  Mmux_data_x[3]_train_x[3]_mux_4_OUT_rs_cy<0>11 (Mmux_data_x[3]_train_x[3]_mux_4_OUT_rs_cy<0>)
     LUT6:I5->O            3   0.254   0.994  Mmux_data_x[3]_train_x[3]_mux_4_OUT_rs_cy<1>11 (Mmux_data_x[3]_train_x[3]_mux_4_OUT_rs_cy<1>)
     LUT6:I3->O            2   0.235   1.002  Mmux_data_x[3]_train_x[3]_mux_4_OUT_rs_xor<3>11 (data_x[3]_train_x[3]_mux_4_OUT<3>)
     LUT4:I0->O            2   0.254   1.181  Madd_n0028_lut<3>1 (Madd_n0028_lut<3>)
     LUT6:I0->O            1   0.254   0.000  Madd_n0028_cy<3>1 (Madd_n0028_cy<3>)
     FDR:D                     0.074          dist_4
    ----------------------------------------
    Total                      9.234ns (2.888ns logic, 6.346ns route)
                                       (31.3% logic, 68.7% route)

=========================================================================
Timing constraint: Default OFFSET OUT AFTER for Clock 'clk'
  Total number of paths / destination ports: 5 / 5
-------------------------------------------------------------------------
Offset:              4.118ns (Levels of Logic = 1)
  Source:            dist_4 (FF)
  Destination:       dist<4> (PAD)
  Source Clock:      clk rising

  Data Path: dist_4 to dist<4>
                                Gate     Net
    Cell:in->out      fanout   Delay   Delay  Logical Name (Net Name)
    ----------------------------------------  ------------
     FDR:C->Q              1   0.525   0.681  dist_4 (dist_4)
     OBUF:I->O                 2.912          dist_4_OBUF (dist<4>)
    ----------------------------------------
    Total                      4.118ns (3.437ns logic, 0.681ns route)
                                       (83.5% logic, 16.5% route)

=========================================================================

Cross Clock Domains Report:
--------------------------

=========================================================================


Total REAL time to Xst completion: 4.00 secs
Total CPU time to Xst completion: 4.64 secs
 
--> 

Total memory usage is 4496472 kilobytes

Number of errors   :    0 (   0 filtered)
Number of warnings :    0 (   0 filtered)
Number of infos    :    1 (   0 filtered)

